00:42:16,563 [4] INFO Cinema.Controllers.HomeController - Home page was viewed
00:42:18,687 [4] INFO Cinema.Controllers.CinemaController - Films page was viewed
00:42:35,584 [4] INFO Cinema.Controllers.CinemaController - Inception film page was viewed
00:42:42,897 [4] INFO Cinema.Controllers.CinemaController - Session in 1 for 14.12.2020 14:30:00 was viewed
00:42:46,066 [4] INFO Cinema.Areas.UserArea.Controllers.AccountController - User watched his tickets
00:42:54,381 [4] INFO Cinema.Areas.UserArea.Controllers.AccountController - User downloaded ticket for the film Catch me if you can on 13дек
00:43:01,451 [4] INFO Cinema.Areas.UserArea.Controllers.AccountController - User viewed his profile page
00:43:05,364 [4] INFO Cinema.Areas.UserArea.Controllers.AccountController - User logged out
00:43:07,969 [12] INFO Cinema.Controllers.AccountController - Loggin started
00:43:17,529 [4] INFO Cinema.Controllers.AccountController - User successfuly logged in
00:43:17,549 [4] INFO Cinema.Areas.UserArea.Controllers.AccountController - User viewed his profile page
00:43:19,521 [17] INFO Cinema.Controllers.HomeController - Home page was viewed
00:48:38,196 [4] INFO Cinema.Controllers.HomeController WindowsIdentity.GetCurrent().Name - Home page was viewed
00:48:40,395 [11] INFO Cinema.Controllers.CinemaController WindowsIdentity.GetCurrent().Name - Films page was viewed
23:22:46,660 [4] INFO Cinema.Controllers.HomeController - Home page was viewed
23:22:52,706 [4] INFO Cinema.Controllers.CinemaController - Films page was viewed
23:26:12,316 [4] INFO Cinema.Controllers.HomeController - Home page was viewed
23:26:14,873 [4] INFO Cinema.Controllers.CinemaController - Films page was viewed
23:27:06,570 [4] INFO Cinema.Controllers.HomeController - Home page was viewed
23:27:08,172 [5] INFO Cinema.Controllers.CinemaController - Films page was viewed
23:27:36,029 [16] INFO Cinema.Controllers.CinemaController - The Shawshank Redemption film page was viewed
23:27:42,917 [16] INFO Cinema.Controllers.CinemaController - Films page was viewed
23:27:46,713 [19] INFO Cinema.Controllers.CinemaController - Pulp Fiction film page was viewed
23:27:53,589 [16] INFO Cinema.Controllers.CinemaController - Films page was viewed
23:27:54,757 [17] INFO Cinema.Controllers.CinemaController - Django unchained film page was viewed
23:27:57,895 [16] INFO Cinema.Controllers.CinemaController - Films page was viewed
23:27:59,174 [17] INFO Cinema.Controllers.CinemaController - Inception film page was viewed
23:28:03,325 [16] INFO Cinema.Controllers.CinemaController - Films page was viewed
23:28:04,367 [19] INFO Cinema.Controllers.CinemaController - Catch me if you can film page was viewed
23:28:07,786 [19] INFO Cinema.Controllers.CinemaController - Films page was viewed
23:28:09,853 [16] INFO Cinema.Areas.UserArea.Controllers.AccountController - User watched his tickets
23:28:33,302 [21] INFO Cinema.Areas.UserArea.Controllers.AccountController - User viewed his profile page
12:52:17,879 [12] INFO Cinema.Controllers.HomeController - Home page was viewed
19:47:55,741 [4] INFO Cinema.Controllers.HomeController - Home page was viewed
20:52:03,526 [4] INFO Cinema.Controllers.HomeController - Home page was viewed
20:52:45,178 [4] INFO Cinema.Controllers.HomeController - Home page was viewed
20:52:52,302 [4] INFO Cinema.Controllers.CinemaController - Films page was viewed
20:54:52,985 [4] INFO Cinema.Controllers.HomeController - Home page was viewed
20:54:55,667 [4] INFO Cinema.Controllers.CinemaController - Films page was viewed
20:55:54,842 [9] INFO Cinema.Controllers.HomeController - Home page was viewed
20:55:57,089 [10] INFO Cinema.Controllers.CinemaController - Films page was viewed
20:57:35,436 [6] INFO Cinema.Controllers.HomeController - Home page was viewed
20:57:36,932 [12] INFO Cinema.Controllers.CinemaController - Films page was viewed
20:57:44,567 [12] INFO Cinema.Areas.UserArea.Controllers.AccountController - User viewed his profile page
21:13:41,025 [4] INFO Cinema.Controllers.HomeController - Home page was viewed
21:14:43,462 [4] INFO Cinema.Controllers.HomeController - Home page was viewed
21:15:42,112 [4] INFO Cinema.Controllers.HomeController - Home page was viewed
21:22:15,952 [14] INFO Cinema.Controllers.CinemaController - Films page was viewed
21:35:33,772 [4] INFO Cinema.Controllers.HomeController - Home page was viewed
21:36:44,357 [13] INFO Cinema.Controllers.CinemaController - Films page was viewed
21:42:18,977 [7] INFO Cinema.Controllers.HomeController - Home page was viewed
21:42:21,230 [7] INFO Cinema.Controllers.CinemaController - Films page was viewed
21:44:48,600 [4] INFO Cinema.Controllers.HomeController - Home page was viewed
21:44:50,702 [4] INFO Cinema.Controllers.CinemaController - Films page was viewed
21:46:39,326 [4] INFO Cinema.Controllers.HomeController - Home page was viewed
21:47:56,458 [14] INFO Cinema.Controllers.CinemaController - Films page was viewed
21:56:19,321 [7] INFO Cinema.Controllers.HomeController - Home page was viewed
21:56:20,830 [4] INFO Cinema.Controllers.CinemaController - Films page was viewed
21:58:54,243 [18] INFO Cinema.Controllers.CinemaController - Pulp Fiction film page was viewed
21:59:58,086 [4] INFO Cinema.Controllers.HomeController - Home page was viewed
21:59:59,825 [4] INFO Cinema.Controllers.CinemaController - Films page was viewed
22:00:02,067 [4] INFO Cinema.Controllers.CinemaController - Catch me if you can film page was viewed
22:00:10,298 [4] INFO Cinema.Controllers.CinemaController - Session in hall 3 for 13.12.2020 16:40:00 was viewed
22:01:27,199 [6] INFO Cinema.Controllers.HomeController - Home page was viewed
22:01:28,742 [12] INFO Cinema.Controllers.CinemaController - Films page was viewed
22:01:33,316 [6] INFO Cinema.Controllers.CinemaController - Pulp Fiction film page was viewed
22:01:36,502 [6] INFO Cinema.Controllers.CinemaController - Session in hall 5 for 20.12.2020 10:40:00 was viewed
22:02:39,125 [5] INFO Cinema.Controllers.HomeController - Home page was viewed
22:04:41,996 [15] INFO Cinema.Controllers.CinemaController - Films page was viewed
22:04:44,335 [16] INFO Cinema.Controllers.CinemaController - Inception film page was viewed
22:05:12,483 [4] INFO Cinema.Controllers.HomeController - Home page was viewed
22:05:14,114 [4] INFO Cinema.Controllers.CinemaController - Films page was viewed
22:05:15,781 [11] INFO Cinema.Controllers.CinemaController - Inception film page was viewed
22:06:11,216 [4] INFO Cinema.Controllers.HomeController - Home page was viewed
22:06:13,945 [4] INFO Cinema.Controllers.CinemaController - Films page was viewed
22:06:15,834 [4] INFO Cinema.Controllers.CinemaController - Inception film page was viewed
22:06:20,207 [4] INFO Cinema.Controllers.CinemaController - Catch me if you can film page was viewed
22:06:42,835 [4] INFO Cinema.Controllers.HomeController - Home page was viewed
22:06:44,534 [4] INFO Cinema.Controllers.CinemaController - Films page was viewed
22:06:46,175 [4] INFO Cinema.Controllers.CinemaController - Catch me if you can film page was viewed
22:07:50,358 [4] INFO Cinema.Controllers.HomeController - Home page was viewed
22:07:51,671 [9] INFO Cinema.Controllers.CinemaController - Films page was viewed
22:07:53,293 [12] INFO Cinema.Controllers.CinemaController - Catch me if you can film page was viewed
22:08:21,426 [5] INFO Cinema.Controllers.HomeController - Home page was viewed
22:08:22,847 [4] INFO Cinema.Controllers.CinemaController - Films page was viewed
22:08:24,837 [5] INFO Cinema.Controllers.CinemaController - Catch me if you can film page was viewed
22:09:08,495 [4] INFO Cinema.Controllers.HomeController - Home page was viewed
22:09:10,464 [4] INFO Cinema.Controllers.CinemaController - Films page was viewed
22:09:12,372 [4] INFO Cinema.Controllers.CinemaController - Catch me if you can film page was viewed
22:09:36,463 [4] INFO Cinema.Controllers.CinemaController - Pulp Fiction film page was viewed
22:09:59,014 [4] INFO Cinema.Controllers.HomeController - Home page was viewed
22:10:00,533 [4] INFO Cinema.Controllers.CinemaController - Films page was viewed
22:10:04,604 [4] INFO Cinema.Controllers.CinemaController - Pulp Fiction film page was viewed
22:10:51,900 [9] INFO Cinema.Controllers.HomeController - Home page was viewed
22:10:53,261 [4] INFO Cinema.Controllers.CinemaController - Films page was viewed
22:10:54,685 [4] INFO Cinema.Controllers.CinemaController - Inception film page was viewed
22:10:59,795 [4] INFO Cinema.Controllers.CinemaController - Films page was viewed
22:11:01,009 [12] INFO Cinema.Controllers.CinemaController - Catch me if you can film page was viewed
22:11:07,333 [4] INFO Cinema.Controllers.CinemaController - Films page was viewed
22:11:09,326 [4] INFO Cinema.Controllers.CinemaController - Django unchained film page was viewed
22:11:34,821 [4] INFO Cinema.Controllers.HomeController - Home page was viewed
22:11:37,183 [11] INFO Cinema.Controllers.CinemaController - Films page was viewed
22:11:39,629 [4] INFO Cinema.Controllers.CinemaController - Catch me if you can film page was viewed
22:12:14,380 [4] INFO Cinema.Controllers.HomeController - Home page was viewed
22:12:16,304 [4] INFO Cinema.Controllers.CinemaController - Films page was viewed
22:12:21,410 [12] INFO Cinema.Controllers.CinemaController - Pulp Fiction film page was viewed
22:17:06,122 [17] INFO Cinema.Controllers.CinemaController - Films page was viewed
22:17:33,670 [22] INFO Cinema.Areas.UserArea.Controllers.AccountController - User watched his tickets
22:21:01,589 [26] INFO Cinema.Areas.UserArea.Controllers.AccountController - User downloaded ticket for the film Django unchained on 10дек
22:21:25,385 [26] INFO Cinema.Areas.UserArea.Controllers.AccountController - User downloaded ticket for the film The Matrix on 17дек
22:22:23,401 [33] INFO Cinema.Areas.UserArea.Controllers.AccountController - User downloaded ticket for the film Inception on 14дек
22:24:26,755 [37] INFO Cinema.Areas.UserArea.Controllers.AccountController - User viewed his profile page
22:43:23,681 [6] INFO Cinema.Controllers.HomeController - Home page was viewed
22:43:28,342 [6] INFO Cinema.Areas.UserArea.Controllers.AccountController - User viewed his profile page
22:43:29,765 [4] INFO Cinema.Areas.UserArea.Controllers.AccountController - User logged out
22:43:35,409 [4] INFO Cinema.Controllers.HomeController - Home page was viewed
22:43:44,501 [12] INFO Cinema.Controllers.AccountController - Loggin started
22:45:01,316 [4] INFO Cinema.Controllers.HomeController - Home page was viewed
22:45:03,437 [7] INFO Cinema.Controllers.AccountController - Loggin started
22:45:32,923 [4] INFO Cinema.Controllers.HomeController - Home page was viewed
22:45:34,330 [4] INFO Cinema.Controllers.AccountController - Loggin started
08:42:04,109 [4] INFO Cinema.Controllers.HomeController - Home page was viewed
08:42:14,146 [5] INFO Cinema.Controllers.CinemaController - Films page was viewed
08:42:58,899 [20] INFO Cinema.Controllers.AccountController - Loggin started
08:43:03,232 [22] INFO Cinema.Controllers.HomeController - Home page was viewed
08:52:13,529 [4] INFO Cinema.Controllers.HomeController - Home page was viewed
08:52:16,280 [5] INFO Cinema.Controllers.AccountController - Loggin started
08:52:38,264 [4] INFO Cinema.Controllers.AccountController - User Makakos successfuly logged in
08:52:39,025 [5] INFO Cinema.Areas.UserArea.Controllers.AccountController - User watched his tickets
08:52:45,665 [4] INFO Cinema.Areas.UserArea.Controllers.AccountController - User viewed his profile page
08:52:47,575 [5] INFO Cinema.Areas.UserArea.Controllers.AccountController - User logged out
08:52:47,581 [4] INFO Cinema.Controllers.HomeController - Home page was viewed
08:52:50,755 [5] INFO Cinema.Controllers.AccountController - Loggin started
09:53:10,933 [4] INFO Cinema.Controllers.HomeController - Home page was viewed
09:53:15,738 [4] INFO Cinema.Controllers.CinemaController - Films page was viewed
09:53:34,795 [4] INFO Cinema.Controllers.CinemaController - Pulp Fiction film page was viewed
09:53:48,374 [4] INFO Cinema.Controllers.CinemaController - Session in hall 5 for 20.12.2020 10:40:00 was viewed
09:54:05,241 [7] INFO Cinema.Controllers.AccountController - Login started
09:54:14,005 [7] ERROR Cinema.Controllers.AccountController - User entered wrong login or password
09:54:27,100 [7] INFO Cinema.Controllers.AccountController - User Makakos successfuly logged in
09:54:27,168 [9] INFO Cinema.Controllers.HomeController - Home page was viewed
09:54:30,096 [4] INFO Cinema.Areas.UserArea.Controllers.AccountController - User watched his tickets
09:54:39,688 [16] INFO Cinema.Areas.UserArea.Controllers.AccountController - User downloaded ticket for the film Django unchained on 10дек
09:55:04,151 [13] INFO Cinema.Areas.UserArea.Controllers.AccountController - User viewed his profile page
